<?xml version="1.0" encoding="UTF-8"?>
<!-- Generated by org.testng.reporters.JUnitReportReporter -->
<testsuite hostname="NTP-LAP-872" failures="0" tests="4" name="com.employee.Scripts.TestClass" time="7.546" errors="0" timestamp="2022-12-16T08:46:47 IST" skipped="0">
  <testcase classname="com.employee.Scripts.TestClass" name="ValidLoginVerification" time="2.308"/>
  <system-out/>
  <testcase classname="com.employee.Scripts.TestClass" name="ValidHomeVerification" time="1.028"/>
  <system-out/>
  <testcase classname="com.employee.Scripts.TestClass" name="ValidAddEmpVerification" time="2.616"/>
  <system-out/>
  <testcase classname="com.employee.Scripts.TestClass" name="ValidEmpListVerification" time="1.594"/>
  <system-out/>
</testsuite> <!-- com.employee.Scripts.TestClass -->
